# JRE version: OpenJDK Runtime Environment (8.0_152-b02) (build 1.8.0_152-release-1024-b02)
# Java VM: OpenJDK 64-Bit Server VM (25.152-b02 mixed mode windows-amd64 compressed oops)
Heap:
 PSYoungGen      total 269312K, used 195563K [0x00000000e0000000, 0x00000000f3100000, 0x0000000100000000)
  eden space 231424K, 84% used [0x00000000e0000000,0x00000000ebefaf18,0x00000000ee200000)
  from space 37888K, 0% used [0x00000000ee200000,0x00000000ee200000,0x00000000f0700000)
  to   space 28160K, 0% used [0x00000000f0700000,0x00000000f0700000,0x00000000f2280000)
 ParOldGen       total 124928K, used 124810K [0x00000000a0000000, 0x00000000a7a00000, 0x00000000e0000000)
  object space 124928K, 99% used [0x00000000a0000000,0x00000000a79e2938,0x00000000a7a00000)
 Metaspace       used 64312K, capacity 66970K, committed 67328K, reserved 1107968K
  class space    used 8386K, capacity 9090K, committed 9216K, reserved 1048576K
GC Heap History (10 events):
Event: 15.398 GC heap before
{Heap before GC invocations=16 (full 3):
 PSYoungGen      total 259584K, used 259568K [0x00000000e0000000, 0x00000000f3100000, 0x0000000100000000)
  eden space 231424K, 100% used [0x00000000e0000000,0x00000000ee200000,0x00000000ee200000)
  from space 28160K, 99% used [0x00000000f0700000,0x00000000f227c3c8,0x00000000f2280000)
  to   space 37888K, 0% used [0x00000000ee200000,0x00000000ee200000,0x00000000f0700000)
 ParOldGen       total 99328K, used 70402K [0x00000000a0000000, 0x00000000a6100000, 0x00000000e0000000)
  object space 99328K, 70% used [0x00000000a0000000,0x00000000a44c0828,0x00000000a6100000)
 Metaspace       used 62009K, capacity 64680K, committed 64768K, reserved 1105920K
  class space    used 8226K, capacity 8927K, committed 8960K, reserved 1048576K
Event: 15.471 GC heap after
Heap after GC invocations=16 (full 3):
 PSYoungGen      total 269312K, used 37857K [0x00000000e0000000, 0x00000000f3100000, 0x0000000100000000)
  eden space 231424K, 0% used [0x00000000e0000000,0x00000000e0000000,0x00000000ee200000)
  from space 37888K, 99% used [0x00000000ee200000,0x00000000f06f8528,0x00000000f0700000)
  to   space 28160K, 0% used [0x00000000f0700000,0x00000000f0700000,0x00000000f2280000)
 ParOldGen       total 124928K, used 124725K [0x00000000a0000000, 0x00000000a7a00000, 0x00000000e0000000)
  object space 124928K, 99% used [0x00000000a0000000,0x00000000a79cd618,0x00000000a7a00000)
 Metaspace       used 62009K, capacity 64680K, committed 64768K, reserved 1105920K
  class space    used 8226K, capacity 8927K, committed 8960K, reserved 1048576K
}
Event: 15.471 GC heap before
{Heap before GC invocations=17 (full 4):
 PSYoungGen      total 269312K, used 37857K [0x00000000e0000000, 0x00000000f3100000, 0x0000000100000000)
  eden space 231424K, 0% used [0x00000000e0000000,0x00000000e0000000,0x00000000ee200000)
  from space 37888K, 99% used [0x00000000ee200000,0x00000000f06f8528,0x00000000f0700000)
  to   space 28160K, 0% used [0x00000000f0700000,0x00000000f0700000,0x00000000f2280000)
 ParOldGen       total 124928K, used 124725K [0x00000000a0000000, 0x00000000a7a00000, 0x00000000e0000000)
  object space 124928K, 99% used [0x00000000a0000000,0x00000000a79cd618,0x00000000a7a00000)
 Metaspace       used 62009K, capacity 64680K, committed 64768K, reserved 1105920K
  class space    used 8226K, capacity 8927K, committed 8960K, reserved 1048576K
Event: 16.169 GC heap after
Heap after GC invocations=17 (full 4):
 PSYoungGen      total 269312K, used 31367K [0x00000000e0000000, 0x00000000f3100000, 0x0000000100000000)
  eden space 231424K, 0% used [0x00000000e0000000,0x00000000e0000000,0x00000000ee200000)
  from space 37888K, 82% used [0x00000000ee200000,0x00000000f00a1e00,0x00000000f0700000)
  to   space 28160K, 0% used [0x00000000f0700000,0x00000000f0700000,0x00000000f2280000)
 ParOldGen       total 124928K, used 124457K [0x00000000a0000000, 0x00000000a7a00000, 0x00000000e0000000)
  object space 124928K, 99% used [0x00000000a0000000,0x00000000a798a538,0x00000000a7a00000)
 Metaspace       used 62009K, capacity 64680K, committed 64768K, reserved 1105920K
  class space    used 8226K, capacity 8927K, committed 8960K, reserved 1048576K
}
Event: 18.026 GC heap before
{Heap before GC invocations=18 (full 5):
 PSYoungGen      total 269312K, used 262791K [0x00000000e0000000, 0x00000000f3100000, 0x0000000100000000)
  eden space 231424K, 100% used [0x00000000e0000000,0x00000000ee200000,0x00000000ee200000)
  from space 37888K, 82% used [0x00000000ee200000,0x00000000f00a1e00,0x00000000f0700000)
  to   space 28160K, 0% used [0x00000000f0700000,0x00000000f0700000,0x00000000f2280000)
 ParOldGen       total 124928K, used 124457K [0x00000000a0000000, 0x00000000a7a00000, 0x00000000e0000000)
  object space 124928K, 99% used [0x00000000a0000000,0x00000000a798a538,0x00000000a7a00000)
 Metaspace       used 63009K, capacity 65658K, committed 65920K, reserved 1105920K
  class space    used 8310K, capacity 8994K, committed 9088K, reserved 1048576K
Event: 18.880 GC heap after
Heap after GC invocations=18 (full 5):
 PSYoungGen      total 269312K, used 45534K [0x00000000e0000000, 0x00000000f3100000, 0x0000000100000000)
  eden space 231424K, 19% used [0x00000000e0000000,0x00000000e2c778d0,0x00000000ee200000)
  from space 37888K, 0% used [0x00000000ee200000,0x00000000ee200000,0x00000000f0700000)
  to   space 28160K, 0% used [0x00000000f0700000,0x00000000f0700000,0x00000000f2280000)
 ParOldGen       total 124928K, used 124874K [0x00000000a0000000, 0x00000000a7a00000, 0x00000000e0000000)
  object space 124928K, 99% used [0x00000000a0000000,0x00000000a79f2828,0x00000000a7a00000)
 Metaspace       used 63009K, capacity 65658K, committed 65920K, reserved 1105920K
  class space    used 8310K, capacity 8994K, committed 9088K, reserved 1048576K
}
Event: 19.681 GC heap before
{Heap before GC invocations=19 (full 6):
 PSYoungGen      total 269312K, used 231424K [0x00000000e0000000, 0x00000000f3100000, 0x0000000100000000)
  eden space 231424K, 100% used [0x00000000e0000000,0x00000000ee200000,0x00000000ee200000)
  from space 37888K, 0% used [0x00000000ee200000,0x00000000ee200000,0x00000000f0700000)
  to   space 28160K, 0% used [0x00000000f0700000,0x00000000f0700000,0x00000000f2280000)
 ParOldGen       total 124928K, used 124874K [0x00000000a0000000, 0x00000000a7a00000, 0x00000000e0000000)
  object space 124928K, 99% used [0x00000000a0000000,0x00000000a79f2828,0x00000000a7a00000)
 Metaspace       used 63023K, capacity 65722K, committed 65920K, reserved 1105920K
  class space    used 8310K, capacity 8994K, committed 9088K, reserved 1048576K
Event: 20.234 GC heap after
Heap after GC invocations=19 (full 6):
 PSYoungGen      total 269312K, used 95048K [0x00000000e0000000, 0x00000000f3100000, 0x0000000100000000)
  eden space 231424K, 41% used [0x00000000e0000000,0x00000000e5cd2208,0x00000000ee200000)
  from space 37888K, 0% used [0x00000000ee200000,0x00000000ee200000,0x00000000f0700000)
  to   space 28160K, 0% used [0x00000000f0700000,0x00000000f0700000,0x00000000f2280000)
 ParOldGen       total 124928K, used 124633K [0x00000000a0000000, 0x00000000a7a00000, 0x00000000e0000000)
  object space 124928K, 99% used [0x00000000a0000000,0x00000000a79b6510,0x00000000a7a00000)
 Metaspace       used 63023K, capacity 65722K, committed 65920K, reserved 1105920K
  class space    used 8310K, capacity 8994K, committed 9088K, reserved 1048576K
}
Event: 20.974 GC heap before
{Heap before GC invocations=20 (full 7):
 PSYoungGen      total 269312K, used 231424K [0x00000000e0000000, 0x00000000f3100000, 0x0000000100000000)
  eden space 231424K, 100% used [0x00000000e0000000,0x00000000ee200000,0x00000000ee200000)
  from space 37888K, 0% used [0x00000000ee200000,0x00000000ee200000,0x00000000f0700000)
  to   space 28160K, 0% used [0x00000000f0700000,0x00000000f0700000,0x00000000f2280000)
 ParOldGen       total 124928K, used 124633K [0x00000000a0000000, 0x00000000a7a00000, 0x00000000e0000000)
  object space 124928K, 99% used [0x00000000a0000000,0x00000000a79b6510,0x00000000a7a00000)
 Metaspace       used 63519K, capacity 66170K, committed 66432K, reserved 1105920K
  class space    used 8374K, capacity 9058K, committed 9088K, reserved 1048576K
Event: 21.737 GC heap after
Heap after GC invocations=20 (full 7):
 PSYoungGen      total 269312K, used 132615K [0x00000000e0000000, 0x00000000f3100000, 0x0000000100000000)
  eden space 231424K, 57% used [0x00000000e0000000,0x00000000e8181fc0,0x00000000ee200000)
  from space 37888K, 0% used [0x00000000ee200000,0x00000000ee200000,0x00000000f0700000)
  to   space 28160K, 0% used [0x00000000f0700000,0x00000000f0700000,0x00000000f2280000)
 ParOldGen       total 124928K, used 124810K [0x00000000a0000000, 0x00000000a7a00000, 0x00000000e0000000)
  object space 124928K, 99% used [0x00000000a0000000,0x00000000a79e2938,0x00000000a7a00000)
 Metaspace       used 63519K, capacity 66170K, committed 66432K, reserved 1105920K
  class space    used 8374K, capacity 9058K, committed 9088K, reserved 1048576K
}

