# JRE version: OpenJDK Runtime Environment (8.0_152-b02) (build 1.8.0_152-release-1024-b02)
# Java VM: OpenJDK 64-Bit Server VM (25.152-b02 mixed mode windows-amd64 compressed oops)
Heap:
 PSYoungGen      total 402432K, used 204375K [0x00000000e0000000, 0x00000000ff200000, 0x0000000100000000)
  eden space 291328K, 63% used [0x00000000e0000000,0x00000000eb394ff0,0x00000000f1c80000)
  from space 111104K, 18% used [0x00000000f8580000,0x00000000f9980d10,0x00000000ff200000)
  to   space 107520K, 0% used [0x00000000f1c80000,0x00000000f1c80000,0x00000000f8580000)
 ParOldGen       total 653824K, used 435647K [0x00000000a0000000, 0x00000000c7e80000, 0x00000000e0000000)
  object space 653824K, 66% used [0x00000000a0000000,0x00000000ba96ff10,0x00000000c7e80000)
 Metaspace       used 103951K, capacity 111326K, committed 112128K, reserved 1146880K
  class space    used 12370K, capacity 13929K, committed 14080K, reserved 1048576K
GC Heap History (10 events):
Event: 42320.511 GC heap before
{Heap before GC invocations=453 (full 43):
 PSYoungGen      total 359936K, used 359855K [0x00000000e0000000, 0x0000000100000000, 0x0000000100000000)
  eden space 282624K, 100% used [0x00000000e0000000,0x00000000f1400000,0x00000000f1400000)
  from space 77312K, 99% used [0x00000000f1400000,0x00000000f5f6be28,0x00000000f5f80000)
  to   space 125440K, 0% used [0x00000000f8580000,0x00000000f8580000,0x0000000100000000)
 ParOldGen       total 653824K, used 314364K [0x00000000a0000000, 0x00000000c7e80000, 0x00000000e0000000)
  object space 653824K, 48% used [0x00000000a0000000,0x00000000b32ff3c0,0x00000000c7e80000)
 Metaspace       used 102150K, capacity 108626K, committed 111488K, reserved 1146880K
  class space    used 12020K, capacity 13375K, committed 13952K, reserved 1048576K
Event: 42320.572 GC heap after
Heap after GC invocations=453 (full 43):
 PSYoungGen      total 402432K, used 22843K [0x00000000e0000000, 0x0000000100000000, 0x0000000100000000)
  eden space 276992K, 0% used [0x00000000e0000000,0x00000000e0000000,0x00000000f0e80000)
  from space 125440K, 18% used [0x00000000f8580000,0x00000000f9bcef30,0x0000000100000000)
  to   space 121856K, 0% used [0x00000000f0e80000,0x00000000f0e80000,0x00000000f8580000)
 ParOldGen       total 653824K, used 388378K [0x00000000a0000000, 0x00000000c7e80000, 0x00000000e0000000)
  object space 653824K, 59% used [0x00000000a0000000,0x00000000b7b46aa8,0x00000000c7e80000)
 Metaspace       used 102150K, capacity 108626K, committed 111488K, reserved 1146880K
  class space    used 12020K, capacity 13375K, committed 13952K, reserved 1048576K
}
Event: 42322.693 GC heap before
{Heap before GC invocations=454 (full 43):
 PSYoungGen      total 402432K, used 299835K [0x00000000e0000000, 0x0000000100000000, 0x0000000100000000)
  eden space 276992K, 100% used [0x00000000e0000000,0x00000000f0e80000,0x00000000f0e80000)
  from space 125440K, 18% used [0x00000000f8580000,0x00000000f9bcef30,0x0000000100000000)
  to   space 121856K, 0% used [0x00000000f0e80000,0x00000000f0e80000,0x00000000f8580000)
 ParOldGen       total 653824K, used 388378K [0x00000000a0000000, 0x00000000c7e80000, 0x00000000e0000000)
  object space 653824K, 59% used [0x00000000a0000000,0x00000000b7b46aa8,0x00000000c7e80000)
 Metaspace       used 102150K, capacity 108626K, committed 111488K, reserved 1146880K
  class space    used 12020K, capacity 13375K, committed 13952K, reserved 1048576K
Event: 42322.717 GC heap after
Heap after GC invocations=454 (full 43):
 PSYoungGen      total 286208K, used 8752K [0x00000000e0000000, 0x00000000ff980000, 0x0000000100000000)
  eden space 276992K, 0% used [0x00000000e0000000,0x00000000e0000000,0x00000000f0e80000)
  from space 9216K, 94% used [0x00000000f0e80000,0x00000000f170c0e0,0x00000000f1780000)
  to   space 120320K, 0% used [0x00000000f8400000,0x00000000f8400000,0x00000000ff980000)
 ParOldGen       total 653824K, used 407849K [0x00000000a0000000, 0x00000000c7e80000, 0x00000000e0000000)
  object space 653824K, 62% used [0x00000000a0000000,0x00000000b8e4a478,0x00000000c7e80000)
 Metaspace       used 102150K, capacity 108626K, committed 111488K, reserved 1146880K
  class space    used 12020K, capacity 13375K, committed 13952K, reserved 1048576K
}
Event: 42943.120 GC heap before
{Heap before GC invocations=455 (full 43):
 PSYoungGen      total 286208K, used 285744K [0x00000000e0000000, 0x00000000ff980000, 0x0000000100000000)
  eden space 276992K, 100% used [0x00000000e0000000,0x00000000f0e80000,0x00000000f0e80000)
  from space 9216K, 94% used [0x00000000f0e80000,0x00000000f170c0e0,0x00000000f1780000)
  to   space 120320K, 0% used [0x00000000f8400000,0x00000000f8400000,0x00000000ff980000)
 ParOldGen       total 653824K, used 407849K [0x00000000a0000000, 0x00000000c7e80000, 0x00000000e0000000)
  object space 653824K, 62% used [0x00000000a0000000,0x00000000b8e4a478,0x00000000c7e80000)
 Metaspace       used 102180K, capacity 108708K, committed 111488K, reserved 1146880K
  class space    used 12022K, capacity 13378K, committed 13952K, reserved 1048576K
Event: 42943.144 GC heap after
Heap after GC invocations=455 (full 43):
 PSYoungGen      total 400384K, used 14269K [0x00000000e0000000, 0x0000000100000000, 0x0000000100000000)
  eden space 280064K, 0% used [0x00000000e0000000,0x00000000e0000000,0x00000000f1180000)
  from space 120320K, 11% used [0x00000000f8400000,0x00000000f91ef488,0x00000000ff980000)
  to   space 117248K, 0% used [0x00000000f1180000,0x00000000f1180000,0x00000000f8400000)
 ParOldGen       total 653824K, used 415572K [0x00000000a0000000, 0x00000000c7e80000, 0x00000000e0000000)
  object space 653824K, 63% used [0x00000000a0000000,0x00000000b95d5118,0x00000000c7e80000)
 Metaspace       used 102180K, capacity 108708K, committed 111488K, reserved 1146880K
  class space    used 12022K, capacity 13378K, committed 13952K, reserved 1048576K
}
Event: 43011.285 GC heap before
{Heap before GC invocations=456 (full 43):
 PSYoungGen      total 400384K, used 294333K [0x00000000e0000000, 0x0000000100000000, 0x0000000100000000)
  eden space 280064K, 100% used [0x00000000e0000000,0x00000000f1180000,0x00000000f1180000)
  from space 120320K, 11% used [0x00000000f8400000,0x00000000f91ef488,0x00000000ff980000)
  to   space 117248K, 0% used [0x00000000f1180000,0x00000000f1180000,0x00000000f8400000)
 ParOldGen       total 653824K, used 415572K [0x00000000a0000000, 0x00000000c7e80000, 0x00000000e0000000)
  object space 653824K, 63% used [0x00000000a0000000,0x00000000b95d5118,0x00000000c7e80000)
 Metaspace       used 103253K, capacity 110340K, committed 111872K, reserved 1146880K
  class space    used 12239K, capacity 13730K, committed 14080K, reserved 1048576K
Event: 43011.304 GC heap after
Heap after GC invocations=456 (full 43):
 PSYoungGen      total 397312K, used 20688K [0x00000000e0000000, 0x00000000ff300000, 0x0000000100000000)
  eden space 280064K, 0% used [0x00000000e0000000,0x00000000e0000000,0x00000000f1180000)
  from space 117248K, 17% used [0x00000000f1180000,0x00000000f25b4030,0x00000000f8400000)
  to   space 112128K, 0% used [0x00000000f8580000,0x00000000f8580000,0x00000000ff300000)
 ParOldGen       total 653824K, used 416624K [0x00000000a0000000, 0x00000000c7e80000, 0x00000000e0000000)
  object space 653824K, 63% used [0x00000000a0000000,0x00000000b96dc1e0,0x00000000c7e80000)
 Metaspace       used 103253K, capacity 110340K, committed 111872K, reserved 1146880K
  class space    used 12239K, capacity 13730K, committed 14080K, reserved 1048576K
}
Event: 43015.366 GC heap before
{Heap before GC invocations=457 (full 43):
 PSYoungGen      total 397312K, used 300752K [0x00000000e0000000, 0x00000000ff300000, 0x0000000100000000)
  eden space 280064K, 100% used [0x00000000e0000000,0x00000000f1180000,0x00000000f1180000)
  from space 117248K, 17% used [0x00000000f1180000,0x00000000f25b4030,0x00000000f8400000)
  to   space 112128K, 0% used [0x00000000f8580000,0x00000000f8580000,0x00000000ff300000)
 ParOldGen       total 653824K, used 416624K [0x00000000a0000000, 0x00000000c7e80000, 0x00000000e0000000)
  object space 653824K, 63% used [0x00000000a0000000,0x00000000b96dc1e0,0x00000000c7e80000)
 Metaspace       used 103950K, capacity 111326K, committed 112128K, reserved 1146880K
  class space    used 12370K, capacity 13929K, committed 14080K, reserved 1048576K
Event: 43015.435 GC heap after
Heap after GC invocations=457 (full 43):
 PSYoungGen      total 402432K, used 20483K [0x00000000e0000000, 0x00000000ff200000, 0x0000000100000000)
  eden space 291328K, 0% used [0x00000000e0000000,0x00000000e0000000,0x00000000f1c80000)
  from space 111104K, 18% used [0x00000000f8580000,0x00000000f9980d10,0x00000000ff200000)
  to   space 107520K, 0% used [0x00000000f1c80000,0x00000000f1c80000,0x00000000f8580000)
 ParOldGen       total 653824K, used 435647K [0x00000000a0000000, 0x00000000c7e80000, 0x00000000e0000000)
  object space 653824K, 66% used [0x00000000a0000000,0x00000000ba96ff10,0x00000000c7e80000)
 Metaspace       used 103950K, capacity 111326K, committed 112128K, reserved 1146880K
  class space    used 12370K, capacity 13929K, committed 14080K, reserved 1048576K
}

