# JRE version: OpenJDK Runtime Environment (8.0_152-b02) (build 1.8.0_152-release-1024-b02)
# Java VM: OpenJDK 64-Bit Server VM (25.152-b02 mixed mode windows-amd64 compressed oops)
Heap:
 PSYoungGen      total 316416K, used 98843K [0x00000000e0000000, 0x00000000fda00000, 0x0000000100000000)
  eden space 253440K, 39% used [0x00000000e0000000,0x00000000e6086dd0,0x00000000ef780000)
  from space 62976K, 0% used [0x00000000ef780000,0x00000000ef780000,0x00000000f3500000)
  to   space 72704K, 0% used [0x00000000f9300000,0x00000000f9300000,0x00000000fda00000)
 ParOldGen       total 177664K, used 167452K [0x00000000a0000000, 0x00000000aad80000, 0x00000000e0000000)
  object space 177664K, 94% used [0x00000000a0000000,0x00000000aa3871c8,0x00000000aad80000)
 Metaspace       used 65120K, capacity 67926K, committed 68096K, reserved 1107968K
  class space    used 8510K, capacity 9191K, committed 9216K, reserved 1048576K
GC Heap History (10 events):
Event: 12.363 GC heap before
{Heap before GC invocations=15 (full 3):
 PSYoungGen      total 209408K, used 181760K [0x00000000e0000000, 0x00000000f1e80000, 0x0000000100000000)
  eden space 181760K, 100% used [0x00000000e0000000,0x00000000eb180000,0x00000000eb180000)
  from space 27648K, 0% used [0x00000000eb180000,0x00000000eb180000,0x00000000ecc80000)
  to   space 29696K, 0% used [0x00000000f0180000,0x00000000f0180000,0x00000000f1e80000)
 ParOldGen       total 177664K, used 62369K [0x00000000a0000000, 0x00000000aad80000, 0x00000000e0000000)
  object space 177664K, 35% used [0x00000000a0000000,0x00000000a3ce8490,0x00000000aad80000)
 Metaspace       used 57698K, capacity 60288K, committed 60416K, reserved 1101824K
  class space    used 7761K, capacity 8418K, committed 8448K, reserved 1048576K
Event: 12.386 GC heap after
Heap after GC invocations=15 (full 3):
 PSYoungGen      total 255488K, used 25425K [0x00000000e0000000, 0x00000000f1d00000, 0x0000000100000000)
  eden space 227328K, 0% used [0x00000000e0000000,0x00000000e0000000,0x00000000ede00000)
  from space 28160K, 90% used [0x00000000f0180000,0x00000000f1a54640,0x00000000f1d00000)
  to   space 32256K, 0% used [0x00000000ede00000,0x00000000ede00000,0x00000000efd80000)
 ParOldGen       total 177664K, used 62377K [0x00000000a0000000, 0x00000000aad80000, 0x00000000e0000000)
  object space 177664K, 35% used [0x00000000a0000000,0x00000000a3cea490,0x00000000aad80000)
 Metaspace       used 57698K, capacity 60288K, committed 60416K, reserved 1101824K
  class space    used 7761K, capacity 8418K, committed 8448K, reserved 1048576K
}
Event: 17.064 GC heap before
{Heap before GC invocations=16 (full 3):
 PSYoungGen      total 255488K, used 252753K [0x00000000e0000000, 0x00000000f1d00000, 0x0000000100000000)
  eden space 227328K, 100% used [0x00000000e0000000,0x00000000ede00000,0x00000000ede00000)
  from space 28160K, 90% used [0x00000000f0180000,0x00000000f1a54640,0x00000000f1d00000)
  to   space 32256K, 0% used [0x00000000ede00000,0x00000000ede00000,0x00000000efd80000)
 ParOldGen       total 177664K, used 62377K [0x00000000a0000000, 0x00000000aad80000, 0x00000000e0000000)
  object space 177664K, 35% used [0x00000000a0000000,0x00000000a3cea490,0x00000000aad80000)
 Metaspace       used 58838K, capacity 61684K, committed 61824K, reserved 1101824K
  class space    used 7866K, capacity 8536K, committed 8576K, reserved 1048576K
Event: 17.088 GC heap after
Heap after GC invocations=16 (full 3):
 PSYoungGen      total 259584K, used 32224K [0x00000000e0000000, 0x00000000f5a80000, 0x0000000100000000)
  eden space 227328K, 0% used [0x00000000e0000000,0x00000000e0000000,0x00000000ede00000)
  from space 32256K, 99% used [0x00000000ede00000,0x00000000efd78230,0x00000000efd80000)
  to   space 38400K, 0% used [0x00000000f3500000,0x00000000f3500000,0x00000000f5a80000)
 ParOldGen       total 177664K, used 65517K [0x00000000a0000000, 0x00000000aad80000, 0x00000000e0000000)
  object space 177664K, 36% used [0x00000000a0000000,0x00000000a3ffb5d8,0x00000000aad80000)
 Metaspace       used 58838K, capacity 61684K, committed 61824K, reserved 1101824K
  class space    used 7866K, capacity 8536K, committed 8576K, reserved 1048576K
}
Event: 26.593 GC heap before
{Heap before GC invocations=17 (full 3):
 PSYoungGen      total 259584K, used 258402K [0x00000000e0000000, 0x00000000f5a80000, 0x0000000100000000)
  eden space 227328K, 99% used [0x00000000e0000000,0x00000000edce0678,0x00000000ede00000)
  from space 32256K, 99% used [0x00000000ede00000,0x00000000efd78230,0x00000000efd80000)
  to   space 38400K, 0% used [0x00000000f3500000,0x00000000f3500000,0x00000000f5a80000)
 ParOldGen       total 177664K, used 65517K [0x00000000a0000000, 0x00000000aad80000, 0x00000000e0000000)
  object space 177664K, 36% used [0x00000000a0000000,0x00000000a3ffb5d8,0x00000000aad80000)
 Metaspace       used 63111K, capacity 65880K, committed 65920K, reserved 1105920K
  class space    used 8389K, capacity 9084K, committed 9088K, reserved 1048576K
Event: 26.684 GC heap after
Heap after GC invocations=17 (full 3):
 PSYoungGen      total 291840K, used 38382K [0x00000000e0000000, 0x00000000f8780000, 0x0000000100000000)
  eden space 253440K, 0% used [0x00000000e0000000,0x00000000e0000000,0x00000000ef780000)
  from space 38400K, 99% used [0x00000000f3500000,0x00000000f5a7bb50,0x00000000f5a80000)
  to   space 62976K, 0% used [0x00000000ef780000,0x00000000ef780000,0x00000000f3500000)
 ParOldGen       total 177664K, used 115700K [0x00000000a0000000, 0x00000000aad80000, 0x00000000e0000000)
  object space 177664K, 65% used [0x00000000a0000000,0x00000000a70fd1e8,0x00000000aad80000)
 Metaspace       used 63111K, capacity 65880K, committed 65920K, reserved 1105920K
  class space    used 8389K, capacity 9084K, committed 9088K, reserved 1048576K
}
Event: 28.295 GC heap before
{Heap before GC invocations=18 (full 3):
 PSYoungGen      total 291840K, used 291822K [0x00000000e0000000, 0x00000000f8780000, 0x0000000100000000)
  eden space 253440K, 100% used [0x00000000e0000000,0x00000000ef780000,0x00000000ef780000)
  from space 38400K, 99% used [0x00000000f3500000,0x00000000f5a7bb50,0x00000000f5a80000)
  to   space 62976K, 0% used [0x00000000ef780000,0x00000000ef780000,0x00000000f3500000)
 ParOldGen       total 177664K, used 115700K [0x00000000a0000000, 0x00000000aad80000, 0x00000000e0000000)
  object space 177664K, 65% used [0x00000000a0000000,0x00000000a70fd1e8,0x00000000aad80000)
 Metaspace       used 64822K, capacity 67670K, committed 67840K, reserved 1107968K
  class space    used 8496K, capacity 9191K, committed 9216K, reserved 1048576K
Event: 28.461 GC heap after
Heap after GC invocations=18 (full 3):
 PSYoungGen      total 316416K, used 60560K [0x00000000e0000000, 0x00000000fda00000, 0x0000000100000000)
  eden space 253440K, 0% used [0x00000000e0000000,0x00000000e0000000,0x00000000ef780000)
  from space 62976K, 96% used [0x00000000ef780000,0x00000000f32a40d8,0x00000000f3500000)
  to   space 72704K, 0% used [0x00000000f9300000,0x00000000f9300000,0x00000000fda00000)
 ParOldGen       total 177664K, used 144905K [0x00000000a0000000, 0x00000000aad80000, 0x00000000e0000000)
  object space 177664K, 81% used [0x00000000a0000000,0x00000000a8d82640,0x00000000aad80000)
 Metaspace       used 64822K, capacity 67670K, committed 67840K, reserved 1107968K
  class space    used 8496K, capacity 9191K, committed 9216K, reserved 1048576K
}
Event: 28.461 GC heap before
{Heap before GC invocations=19 (full 4):
 PSYoungGen      total 316416K, used 60560K [0x00000000e0000000, 0x00000000fda00000, 0x0000000100000000)
  eden space 253440K, 0% used [0x00000000e0000000,0x00000000e0000000,0x00000000ef780000)
  from space 62976K, 96% used [0x00000000ef780000,0x00000000f32a40d8,0x00000000f3500000)
  to   space 72704K, 0% used [0x00000000f9300000,0x00000000f9300000,0x00000000fda00000)
 ParOldGen       total 177664K, used 144905K [0x00000000a0000000, 0x00000000aad80000, 0x00000000e0000000)
  object space 177664K, 81% used [0x00000000a0000000,0x00000000a8d82640,0x00000000aad80000)
 Metaspace       used 64822K, capacity 67670K, committed 67840K, reserved 1107968K
  class space    used 8496K, capacity 9191K, committed 9216K, reserved 1048576K
Event: 29.105 GC heap after
Heap after GC invocations=19 (full 4):
 PSYoungGen      total 316416K, used 0K [0x00000000e0000000, 0x00000000fda00000, 0x0000000100000000)
  eden space 253440K, 0% used [0x00000000e0000000,0x00000000e0000000,0x00000000ef780000)
  from space 62976K, 0% used [0x00000000ef780000,0x00000000ef780000,0x00000000f3500000)
  to   space 72704K, 0% used [0x00000000f9300000,0x00000000f9300000,0x00000000fda00000)
 ParOldGen       total 177664K, used 167452K [0x00000000a0000000, 0x00000000aad80000, 0x00000000e0000000)
  object space 177664K, 94% used [0x00000000a0000000,0x00000000aa3871c8,0x00000000aad80000)
 Metaspace       used 64822K, capacity 67670K, committed 67840K, reserved 1107968K
  class space    used 8496K, capacity 9191K, committed 9216K, reserved 1048576K
}

