# JRE version: OpenJDK Runtime Environment (8.0_152-b02) (build 1.8.0_152-release-1024-b02)
# Java VM: OpenJDK 64-Bit Server VM (25.152-b02 mixed mode windows-amd64 compressed oops)
Heap:
 PSYoungGen      total 261120K, used 17707K [0x00000000e0000000, 0x00000000f2680000, 0x0000000100000000)
  eden space 243200K, 7% used [0x00000000e0000000,0x00000000e114afb8,0x00000000eed80000)
  from space 17920K, 0% used [0x00000000f1500000,0x00000000f1500000,0x00000000f2680000)
  to   space 29184K, 0% used [0x00000000eed80000,0x00000000eed80000,0x00000000f0a00000)
 ParOldGen       total 165888K, used 58530K [0x00000000a0000000, 0x00000000aa200000, 0x00000000e0000000)
  object space 165888K, 35% used [0x00000000a0000000,0x00000000a3928830,0x00000000aa200000)
 Metaspace       used 60735K, capacity 63366K, committed 63616K, reserved 1105920K
  class space    used 8154K, capacity 8825K, committed 8832K, reserved 1048576K
GC Heap History (10 events):
Event: 10.858 GC heap before
{Heap before GC invocations=12 (full 2):
 PSYoungGen      total 177664K, used 177649K [0x00000000e0000000, 0x00000000ef280000, 0x0000000100000000)
  eden space 162304K, 100% used [0x00000000e0000000,0x00000000e9e80000,0x00000000e9e80000)
  from space 15360K, 99% used [0x00000000e9e80000,0x00000000ead7c6a0,0x00000000ead80000)
  to   space 23552K, 0% used [0x00000000edb80000,0x00000000edb80000,0x00000000ef280000)
 ParOldGen       total 97792K, used 37753K [0x00000000a0000000, 0x00000000a5f80000, 0x00000000e0000000)
  object space 97792K, 38% used [0x00000000a0000000,0x00000000a24de550,0x00000000a5f80000)
 Metaspace       used 56219K, capacity 58736K, committed 59008K, reserved 1099776K
  class space    used 7584K, capacity 8208K, committed 8320K, reserved 1048576K
Event: 10.905 GC heap after
Heap after GC invocations=12 (full 2):
 PSYoungGen      total 221184K, used 23327K [0x00000000e0000000, 0x00000000efb00000, 0x0000000100000000)
  eden space 197632K, 0% used [0x00000000e0000000,0x00000000e0000000,0x00000000ec100000)
  from space 23552K, 99% used [0x00000000edb80000,0x00000000ef247da0,0x00000000ef280000)
  to   space 27136K, 0% used [0x00000000ec100000,0x00000000ec100000,0x00000000edb80000)
 ParOldGen       total 97792K, used 42384K [0x00000000a0000000, 0x00000000a5f80000, 0x00000000e0000000)
  object space 97792K, 43% used [0x00000000a0000000,0x00000000a29643c8,0x00000000a5f80000)
 Metaspace       used 56219K, capacity 58736K, committed 59008K, reserved 1099776K
  class space    used 7584K, capacity 8208K, committed 8320K, reserved 1048576K
}
Event: 11.515 GC heap before
{Heap before GC invocations=13 (full 2):
 PSYoungGen      total 221184K, used 111276K [0x00000000e0000000, 0x00000000efb00000, 0x0000000100000000)
  eden space 197632K, 44% used [0x00000000e0000000,0x00000000e55e3490,0x00000000ec100000)
  from space 23552K, 99% used [0x00000000edb80000,0x00000000ef247da0,0x00000000ef280000)
  to   space 27136K, 0% used [0x00000000ec100000,0x00000000ec100000,0x00000000edb80000)
 ParOldGen       total 97792K, used 42384K [0x00000000a0000000, 0x00000000a5f80000, 0x00000000e0000000)
  object space 97792K, 43% used [0x00000000a0000000,0x00000000a29643c8,0x00000000a5f80000)
 Metaspace       used 56393K, capacity 58880K, committed 59008K, reserved 1099776K
  class space    used 7605K, capacity 8224K, committed 8320K, reserved 1048576K
Event: 11.535 GC heap after
Heap after GC invocations=13 (full 2):
 PSYoungGen      total 224768K, used 24321K [0x00000000e0000000, 0x00000000f3280000, 0x0000000100000000)
  eden space 197632K, 0% used [0x00000000e0000000,0x00000000e0000000,0x00000000ec100000)
  from space 27136K, 89% used [0x00000000ec100000,0x00000000ed8c06d0,0x00000000edb80000)
  to   space 30208K, 0% used [0x00000000f1500000,0x00000000f1500000,0x00000000f3280000)
 ParOldGen       total 97792K, used 42392K [0x00000000a0000000, 0x00000000a5f80000, 0x00000000e0000000)
  object space 97792K, 43% used [0x00000000a0000000,0x00000000a29663c8,0x00000000a5f80000)
 Metaspace       used 56393K, capacity 58880K, committed 59008K, reserved 1099776K
  class space    used 7605K, capacity 8224K, committed 8320K, reserved 1048576K
}
Event: 11.535 GC heap before
{Heap before GC invocations=14 (full 3):
 PSYoungGen      total 224768K, used 24321K [0x00000000e0000000, 0x00000000f3280000, 0x0000000100000000)
  eden space 197632K, 0% used [0x00000000e0000000,0x00000000e0000000,0x00000000ec100000)
  from space 27136K, 89% used [0x00000000ec100000,0x00000000ed8c06d0,0x00000000edb80000)
  to   space 30208K, 0% used [0x00000000f1500000,0x00000000f1500000,0x00000000f3280000)
 ParOldGen       total 97792K, used 42392K [0x00000000a0000000, 0x00000000a5f80000, 0x00000000e0000000)
  object space 97792K, 43% used [0x00000000a0000000,0x00000000a29663c8,0x00000000a5f80000)
 Metaspace       used 56393K, capacity 58880K, committed 59008K, reserved 1099776K
  class space    used 7605K, capacity 8224K, committed 8320K, reserved 1048576K
Event: 11.770 GC heap after
Heap after GC invocations=14 (full 3):
 PSYoungGen      total 224768K, used 0K [0x00000000e0000000, 0x00000000f3280000, 0x0000000100000000)
  eden space 197632K, 0% used [0x00000000e0000000,0x00000000e0000000,0x00000000ec100000)
  from space 27136K, 0% used [0x00000000ec100000,0x00000000ec100000,0x00000000edb80000)
  to   space 30208K, 0% used [0x00000000f1500000,0x00000000f1500000,0x00000000f3280000)
 ParOldGen       total 165888K, used 57986K [0x00000000a0000000, 0x00000000aa200000, 0x00000000e0000000)
  object space 165888K, 34% used [0x00000000a0000000,0x00000000a38a0858,0x00000000aa200000)
 Metaspace       used 56393K, capacity 58880K, committed 59008K, reserved 1099776K
  class space    used 7605K, capacity 8224K, committed 8320K, reserved 1048576K
}
Event: 13.330 GC heap before
{Heap before GC invocations=15 (full 3):
 PSYoungGen      total 224768K, used 104421K [0x00000000e0000000, 0x00000000f3280000, 0x0000000100000000)
  eden space 197632K, 52% used [0x00000000e0000000,0x00000000e65f94a0,0x00000000ec100000)
  from space 27136K, 0% used [0x00000000ec100000,0x00000000ec100000,0x00000000edb80000)
  to   space 30208K, 0% used [0x00000000f1500000,0x00000000f1500000,0x00000000f3280000)
 ParOldGen       total 165888K, used 57986K [0x00000000a0000000, 0x00000000aa200000, 0x00000000e0000000)
  object space 165888K, 34% used [0x00000000a0000000,0x00000000a38a0858,0x00000000aa200000)
 Metaspace       used 56868K, capacity 59494K, committed 59648K, reserved 1103872K
  class space    used 7674K, capacity 8345K, committed 8448K, reserved 1048576K
Event: 13.338 GC heap after
Heap after GC invocations=15 (full 3):
 PSYoungGen      total 261120K, used 8690K [0x00000000e0000000, 0x00000000f2680000, 0x0000000100000000)
  eden space 243200K, 0% used [0x00000000e0000000,0x00000000e0000000,0x00000000eed80000)
  from space 17920K, 48% used [0x00000000f1500000,0x00000000f1d7ca60,0x00000000f2680000)
  to   space 29184K, 0% used [0x00000000eed80000,0x00000000eed80000,0x00000000f0a00000)
 ParOldGen       total 165888K, used 57994K [0x00000000a0000000, 0x00000000aa200000, 0x00000000e0000000)
  object space 165888K, 34% used [0x00000000a0000000,0x00000000a38a2858,0x00000000aa200000)
 Metaspace       used 56868K, capacity 59494K, committed 59648K, reserved 1103872K
  class space    used 7674K, capacity 8345K, committed 8448K, reserved 1048576K
}
Event: 13.338 GC heap before
{Heap before GC invocations=16 (full 4):
 PSYoungGen      total 261120K, used 8690K [0x00000000e0000000, 0x00000000f2680000, 0x0000000100000000)
  eden space 243200K, 0% used [0x00000000e0000000,0x00000000e0000000,0x00000000eed80000)
  from space 17920K, 48% used [0x00000000f1500000,0x00000000f1d7ca60,0x00000000f2680000)
  to   space 29184K, 0% used [0x00000000eed80000,0x00000000eed80000,0x00000000f0a00000)
 ParOldGen       total 165888K, used 57994K [0x00000000a0000000, 0x00000000aa200000, 0x00000000e0000000)
  object space 165888K, 34% used [0x00000000a0000000,0x00000000a38a2858,0x00000000aa200000)
 Metaspace       used 56868K, capacity 59494K, committed 59648K, reserved 1103872K
  class space    used 7674K, capacity 8345K, committed 8448K, reserved 1048576K
Event: 13.505 GC heap after
Heap after GC invocations=16 (full 4):
 PSYoungGen      total 261120K, used 0K [0x00000000e0000000, 0x00000000f2680000, 0x0000000100000000)
  eden space 243200K, 0% used [0x00000000e0000000,0x00000000e0000000,0x00000000eed80000)
  from space 17920K, 0% used [0x00000000f1500000,0x00000000f1500000,0x00000000f2680000)
  to   space 29184K, 0% used [0x00000000eed80000,0x00000000eed80000,0x00000000f0a00000)
 ParOldGen       total 165888K, used 58530K [0x00000000a0000000, 0x00000000aa200000, 0x00000000e0000000)
  object space 165888K, 35% used [0x00000000a0000000,0x00000000a3928830,0x00000000aa200000)
 Metaspace       used 56868K, capacity 59494K, committed 59648K, reserved 1101824K
  class space    used 7674K, capacity 8345K, committed 8448K, reserved 1048576K
}

